<?xml version="1.0" encoding="UTF-8"?>
<!-- Generated by org.testng.reporters.JUnitReportReporter -->
<testsuite hostname="Danish" failures="0" tests="1" name="testCases.TC005_Register_Login" time="5.512" errors="0" timestamp="2025-02-05T16:52:56 IST" skipped="0">
  <testcase classname="testCases.TC005_Register_Login" name="testcaseRegister_login" time="5.512"/>
  <system-out/>
</testsuite> <!-- testCases.TC005_Register_Login -->
