<?xml version="1.0" encoding="UTF-8"?>
<!-- Generated by org.testng.reporters.JUnitReportReporter -->
<testsuite hostname="Danish" failures="0" tests="1" name="TestRunner.TestRunner_contactus" time="12.218" errors="0" timestamp="2025-05-29T18:48:50 IST" skipped="0">
  <testcase classname="TestRunner.TestRunner_contactus" name="runScenario" time="12.218"/>
  <system-out/>
</testsuite> <!-- TestRunner.TestRunner_contactus -->
