<?xml version="1.0" encoding="UTF-8"?>
<!-- Generated by org.testng.reporters.JUnitReportReporter -->
<testsuite hostname="Danish" failures="0" tests="4" name="testCases.practiceclass" time="0.009" errors="0" timestamp="2025-05-14T19:40:04 IST" skipped="0">
  <testcase classname="testCases.practiceclass" name="testcase2" time="0.001"/>
  <system-out/>
  <testcase classname="testCases.practiceclass" name="testcase2" time="0.000"/>
  <system-out/>
  <testcase classname="testCases.practiceclass" name="testcase2" time="0.001"/>
  <system-out/>
  <testcase classname="testCases.practiceclass" name="testcase2" time="0.007"/>
  <system-out/>
</testsuite> <!-- testCases.practiceclass -->
