<?xml version="1.0" encoding="UTF-8"?>
<!-- Generated by org.testng.reporters.JUnitReportReporter -->
<testsuite hostname="Danish" failures="0" tests="2" name="testCases.TC002_LoginCheck" time="23.284" errors="0" timestamp="2025-02-12T15:09:18 IST" skipped="0">
  <testcase classname="testCases.TC002_LoginCheck" name="loginCheck" time="11.807"/>
  <system-out/>
  <testcase classname="testCases.TC002_LoginCheck" name="loginCheck" time="11.477"/>
  <system-out/>
</testsuite> <!-- testCases.TC002_LoginCheck -->
