<?xml version="1.0" encoding="UTF-8"?>
<!-- Generated by org.testng.reporters.JUnitReportReporter -->
<testsuite hostname="Danish" failures="0" tests="1" name="testCases.TC004_VerifyMacProductSuccess_AddToCart" time="1.122" errors="0" timestamp="2025-02-05T16:52:56 IST" skipped="0">
  <testcase classname="testCases.TC004_VerifyMacProductSuccess_AddToCart" name="verifyMacAddToCart" time="1.122"/>
  <system-out/>
</testsuite> <!-- testCases.TC004_VerifyMacProductSuccess_AddToCart -->
