<?xml version="1.0" encoding="UTF-8"?>
<!-- Generated by org.testng.reporters.JUnitReportReporter -->
<testsuite hostname="Danish" failures="0" tests="1" name="testCases.Temp" time="0.011" errors="0" timestamp="2025-03-09T17:23:22 IST" skipped="0">
  <testcase classname="testCases.Temp" name="m1" time="0.011"/>
  <system-out/>
</testsuite> <!-- testCases.Temp -->
