<?xml version="1.0" encoding="UTF-8"?>
<!-- Generated by org.testng.reporters.JUnitReportReporter -->
<testsuite hostname="Danish" failures="0" tests="3" name="TestRunner.TestRunner" time="0.151" errors="0" timestamp="2025-05-21T14:18:17 IST" skipped="0">
  <testcase classname="TestRunner.TestRunner" name="runScenario" time="0.133"/>
  <system-out/>
  <testcase classname="TestRunner.TestRunner" name="runScenario" time="0.010"/>
  <system-out/>
  <testcase classname="TestRunner.TestRunner" name="runScenario" time="0.008"/>
  <system-out/>
</testsuite> <!-- TestRunner.TestRunner -->
