<?xml version="1.0" encoding="UTF-8"?>
<!-- Generated by org.testng.reporters.JUnitReportReporter -->
<testsuite hostname="Danish" failures="0" tests="1" name="TestRunner.TestRunner_contactus" time="13.060" errors="0" timestamp="2025-05-21T14:18:58 IST" skipped="0">
  <testcase classname="TestRunner.TestRunner_contactus" name="runScenario" time="13.060"/>
  <system-out/>
</testsuite> <!-- TestRunner.TestRunner_contactus -->
