<?xml version="1.0" encoding="UTF-8"?>
<!-- Generated by org.testng.reporters.JUnitReportReporter -->
<testsuite hostname="Danish" failures="0" tests="1" name="testCases.TC002_LoginCheck" time="10.956" errors="0" timestamp="2025-05-29T17:54:19 IST" skipped="0">
  <testcase classname="testCases.TC002_LoginCheck" name="loginCheck" time="10.956"/>
  <system-out/>
</testsuite> <!-- testCases.TC002_LoginCheck -->
