<?xml version="1.0" encoding="UTF-8"?>
<!-- Generated by org.testng.reporters.JUnitReportReporter -->
<testsuite hostname="Danish" failures="0" tests="1" name="testCases.TC006_SearchFunctionality" time="4.626" errors="0" timestamp="2025-02-12T11:42:25 IST" skipped="0">
  <testcase classname="testCases.TC006_SearchFunctionality" name="search_Functionality" time="4.626"/>
  <system-out/>
</testsuite> <!-- testCases.TC006_SearchFunctionality -->
