<?xml version="1.0" encoding="UTF-8"?>
<!-- Generated by org.testng.reporters.JUnitReportReporter -->
<testsuite hostname="Danish" failures="0" tests="1" name="testCases.TC005_Register_Login" time="6.706" errors="0" timestamp="2025-02-05T17:01:43 IST" skipped="0">
  <testcase classname="testCases.TC005_Register_Login" name="testcaseRegister_login" time="6.706"/>
</testsuite> <!-- testCases.TC005_Register_Login -->
