<?xml version="1.0" encoding="UTF-8"?>
<!-- Generated by org.testng.reporters.JUnitReportReporter -->
<testsuite hostname="Danish" failures="0" tests="1" name="testCases.TC002_LoginCheck" time="11.892" errors="0" timestamp="2025-01-30T17:53:02 IST" skipped="0">
  <testcase classname="testCases.TC002_LoginCheck" name="loginCheck" time="11.892"/>
</testsuite> <!-- testCases.TC002_LoginCheck -->
