<?xml version="1.0" encoding="UTF-8"?>
<!-- Generated by org.testng.reporters.JUnitReportReporter -->
<testsuite hostname="Danish" failures="0" tests="1" name="testCases.TC001_RegistrationCheck" time="3.531" errors="0" timestamp="2025-01-31T14:43:41 IST" skipped="0">
  <testcase classname="testCases.TC001_RegistrationCheck" name="verify_account_registration" time="3.531"/>
</testsuite> <!-- testCases.TC001_RegistrationCheck -->
