<?xml version="1.0" encoding="UTF-8"?>
<!-- Generated by org.testng.reporters.JUnitReportReporter -->
<testsuite hostname="Danish" failures="0" tests="1" name="testCases.TC008_VerifyLogin_with_BrowserBack_Forward_Functionality" time="12.543" errors="0" timestamp="2025-05-21T19:27:12 IST" skipped="0">
  <testcase classname="testCases.TC008_VerifyLogin_with_BrowserBack_Forward_Functionality" name="test_VerifyLoginWhenPressing_Browser_BackandForward" time="12.543"/>
</testsuite> <!-- testCases.TC008_VerifyLogin_with_BrowserBack_Forward_Functionality -->
